VCD info: dumpfile tb_adder4.vcd opened for output.
RESULT,PASS,0,0,0,0
RESULT,PASS,3,5,8,8
RESULT,PASS,15,1,16,16
RESULT,PASS,8,7,15,15
RESULT,PASS,4,1,5,5
RESULT,PASS,9,3,12,12
RESULT,PASS,13,13,26,26
RESULT,PASS,5,2,7,7
RESULT,PASS,1,13,14,14
RESULT,PASS,6,13,19,19
RESULT,PASS,13,12,25,25
RESULT,PASS,9,6,15,15
RESULT,PASS,5,10,15,15
RESULT,PASS,5,7,12,12
RESULT,PASS,2,15,17,17
RESULT,PASS,2,14,16,16
RESULT,PASS,8,5,13,13
RESULT,PASS,12,13,25,25
RESULT,PASS,13,5,18,18
RESULT,PASS,3,10,13,13
RESULT,PASS,0,0,0,0
RESULT,PASS,10,13,23,23
RESULT,PASS,6,3,9,9
RESULT,PASS,13,3,16,16
SUMMARY,TESTS,24,PASS,24,FAIL,0
tb_adder4.sv:73: $finish called at 245000 (1ps)
